<?xml version="1.0" encoding="UTF-8"?>
<!-- Generated by org.testng.reporters.JUnitReportReporter -->
<testsuite skipped="0" hostname="DESKTOP-UDDFKV4" name="ViatorCalendar.MultiProductDetails" tests="2" failures="0" timestamp="03 Nov 2020 11:39:36 GMT" time="4.619" errors="0">
  <testcase name="supplierCode2" time="2.303" classname="ViatorCalendar.MultiProductDetails"/>
  <testcase name="supplierCode1" time="2.316" classname="ViatorCalendar.MultiProductDetails"/>
</testsuite> <!-- ViatorCalendar.MultiProductDetails -->
