<?xml version="1.0" encoding="UTF-8"?>
<!-- Generated by org.testng.reporters.JUnitReportReporter -->
<testsuite skipped="0" hostname="DESKTOP-UDDFKV4" name="ViatorCalendar.BasicProductDetails" tests="4" failures="0" timestamp="25 Oct 2020 04:58:32 GMT" time="10.990" errors="0">
  <testcase name="PricingUnit" time="4.593" classname="ViatorCalendar.BasicProductDetails"/>
  <testcase name="productName" time="2.147" classname="ViatorCalendar.BasicProductDetails"/>
  <testcase name="productDetailsFullResponse" time="2.009" classname="ViatorCalendar.BasicProductDetails"/>
  <testcase name="productCode" time="2.241" classname="ViatorCalendar.BasicProductDetails"/>
</testsuite> <!-- ViatorCalendar.BasicProductDetails -->
