<?xml version="1.0" encoding="UTF-8"?>
<!-- Generated by org.testng.reporters.JUnitReportReporter -->
<testsuite skipped="0" hostname="DESKTOP-UDDFKV4" name="ViatorCalendar.MultiProductDetails" tests="2" failures="0" timestamp="25 Oct 2020 04:58:32 GMT" time="3.881" errors="0">
  <testcase name="supplierCode2" time="1.887" classname="ViatorCalendar.MultiProductDetails"/>
  <testcase name="supplierCode1" time="1.994" classname="ViatorCalendar.MultiProductDetails"/>
</testsuite> <!-- ViatorCalendar.MultiProductDetails -->
