<?xml version="1.0" encoding="UTF-8"?>
<testsuite name="ViatorCalendar.BasicProductDetails" tests="4" skipped="0" failures="1" errors="0" timestamp="2020-11-03T11:39:15" hostname="DESKTOP-UDDFKV4" time="14.73">
  <properties/>
  <testcase name="PricingUnit" classname="ViatorCalendar.BasicProductDetails" time="4.293">
    <failure message="java.lang.AssertionError: expected [per_vehicle] but found [PER_PERSON]" type="java.lang.AssertionError">java.lang.AssertionError: expected [per_vehicle] but found [PER_PERSON]
	at org.testng.Assert.fail(Assert.java:96)
	at org.testng.Assert.failNotEquals(Assert.java:776)
	at org.testng.Assert.assertEqualsImpl(Assert.java:137)
	at org.testng.Assert.assertEquals(Assert.java:118)
	at org.testng.Assert.assertEquals(Assert.java:453)
	at org.testng.Assert.assertEquals(Assert.java:463)
	at ViatorCalendar.BasicProductDetails.PricingUnit(BasicProductDetails.java:43)
	at sun.reflect.NativeMethodAccessorImpl.invoke0(Native Method)
	at sun.reflect.NativeMethodAccessorImpl.invoke(NativeMethodAccessorImpl.java:62)
	at sun.reflect.DelegatingMethodAccessorImpl.invoke(DelegatingMethodAccessorImpl.java:43)
	at java.lang.reflect.Method.invoke(Method.java:498)
	at org.testng.internal.MethodInvocationHelper.invokeMethod(MethodInvocationHelper.java:124)
	at org.testng.internal.Invoker.invokeMethod(Invoker.java:583)
	at org.testng.internal.Invoker.invokeTestMethod(Invoker.java:719)
	at org.testng.internal.Invoker.invokeTestMethods(Invoker.java:989)
	at org.testng.internal.TestMethodWorker.invokeTestMethods(TestMethodWorker.java:125)
	at org.testng.internal.TestMethodWorker.run(TestMethodWorker.java:109)
	at org.testng.TestRunner.privateRun(TestRunner.java:648)
	at org.testng.TestRunner.run(TestRunner.java:505)
	at org.testng.SuiteRunner.runTest(SuiteRunner.java:455)
	at org.testng.SuiteRunner.runSequentially(SuiteRunner.java:450)
	at org.testng.SuiteRunner.privateRun(SuiteRunner.java:415)
	at org.testng.SuiteRunner.run(SuiteRunner.java:364)
	at org.testng.SuiteRunnerWorker.runSuite(SuiteRunnerWorker.java:52)
	at org.testng.SuiteRunnerWorker.run(SuiteRunnerWorker.java:84)
	at org.testng.TestNG.runSuitesSequentially(TestNG.java:1208)
	at org.testng.TestNG.runSuitesLocally(TestNG.java:1137)
	at org.testng.TestNG.runSuites(TestNG.java:1049)
	at org.testng.TestNG.run(TestNG.java:1017)
	at org.gradle.api.internal.tasks.testing.testng.TestNGTestClassProcessor.runTests(TestNGTestClassProcessor.java:139)
	at org.gradle.api.internal.tasks.testing.testng.TestNGTestClassProcessor.stop(TestNGTestClassProcessor.java:89)
	at org.gradle.api.internal.tasks.testing.SuiteTestClassProcessor.stop(SuiteTestClassProcessor.java:61)
	at sun.reflect.NativeMethodAccessorImpl.invoke0(Native Method)
	at sun.reflect.NativeMethodAccessorImpl.invoke(NativeMethodAccessorImpl.java:62)
	at sun.reflect.DelegatingMethodAccessorImpl.invoke(DelegatingMethodAccessorImpl.java:43)
	at java.lang.reflect.Method.invoke(Method.java:498)
	at org.gradle.internal.dispatch.ReflectionDispatch.dispatch(ReflectionDispatch.java:35)
	at org.gradle.internal.dispatch.ReflectionDispatch.dispatch(ReflectionDispatch.java:24)
	at org.gradle.internal.dispatch.ContextClassLoaderDispatch.dispatch(ContextClassLoaderDispatch.java:32)
	at org.gradle.internal.dispatch.ProxyDispatchAdapter$DispatchingInvocationHandler.invoke(ProxyDispatchAdapter.java:93)
	at com.sun.proxy.$Proxy2.stop(Unknown Source)
	at org.gradle.api.internal.tasks.testing.worker.TestWorker.stop(TestWorker.java:131)
	at sun.reflect.NativeMethodAccessorImpl.invoke0(Native Method)
	at sun.reflect.NativeMethodAccessorImpl.invoke(NativeMethodAccessorImpl.java:62)
	at sun.reflect.DelegatingMethodAccessorImpl.invoke(DelegatingMethodAccessorImpl.java:43)
	at java.lang.reflect.Method.invoke(Method.java:498)
	at org.gradle.internal.dispatch.ReflectionDispatch.dispatch(ReflectionDispatch.java:35)
	at org.gradle.internal.dispatch.ReflectionDispatch.dispatch(ReflectionDispatch.java:24)
	at org.gradle.internal.remote.internal.hub.MessageHubBackedObjectConnection$DispatchWrapper.dispatch(MessageHubBackedObjectConnection.java:155)
	at org.gradle.internal.remote.internal.hub.MessageHubBackedObjectConnection$DispatchWrapper.dispatch(MessageHubBackedObjectConnection.java:137)
	at org.gradle.internal.remote.internal.hub.MessageHub$Handler.run(MessageHub.java:404)
	at org.gradle.internal.concurrent.ExecutorPolicy$CatchAndRecordFailures.onExecute(ExecutorPolicy.java:63)
	at org.gradle.internal.concurrent.ManagedExecutorImpl$1.run(ManagedExecutorImpl.java:46)
	at java.util.concurrent.ThreadPoolExecutor.runWorker(ThreadPoolExecutor.java:1149)
	at java.util.concurrent.ThreadPoolExecutor$Worker.run(ThreadPoolExecutor.java:624)
	at org.gradle.internal.concurrent.ThreadFactoryImpl$ManagedThreadRunnable.run(ThreadFactoryImpl.java:55)
	at java.lang.Thread.run(Thread.java:748)
</failure>
  </testcase>
  <testcase name="productCode" classname="ViatorCalendar.BasicProductDetails" time="2.026"/>
  <testcase name="productDetailsFullResponse" classname="ViatorCalendar.BasicProductDetails" time="2.029"/>
  <testcase name="productName" classname="ViatorCalendar.BasicProductDetails" time="6.377"/>
  <system-out><![CDATA[{
    "status": {
        "code": 1,
        "message": "SUCCESS"
    },
    "keyControls": {
        "cmp": "CT",
        "div": "CTDIV_LON",
        "brand": "CT_OL",
        "channel": "U",
        "cliId": 10023,
        "cliGrp": "Direct",
        "cliType": "DIRECT_CLIENT",
        "bkgType": "STD",
        "srcCountry": "GB",
        "cur": "GBP",
        "userId": 0
    },
    "data": [
        {
            "productCode": "GEN",
            "startDate": "2020-10-24",
            "endDate": "2021-11-25",
            "products": [
                {
                    "supplierCode": "VT158308P3",
                    "supplierName": "Luxury Private Vehicle Day Hire From & to London via Stonehenge & Windsor Castle",
                    "dates": [
                        {
                            "date": "2020-10-24",
                            "pricingUnit": "PER_PERSON",
                            "rateInfo": {
                                "price": 679.46,
                                "currencyCode": "GBP"
                            },
                            "availabilityStatus": "AVAILABLE"
                        },
                        {
                            "date": "2020-10-25",
                            "pricingUnit": "PER_PERSON",
                            "rateInfo": {
                                "price": 679.46,
                                "currencyCode": "GBP"
                            },
                            "availabilityStatus": "AVAILABLE"
                        },
                        {
                            "date": "2020-10-26",
                            "pricingUnit": "PER_PERSON",
                            "rateInfo": {
                                "price": 679.46,
                                "currencyCode": "GBP"
                            },
                            "availabilityStatus": "AVAILABLE"
                        },
                        {
                            "date": "2020-10-27",
                            "pricingUnit": "PER_PERSON",
                            "rateInfo": {
                                "price": 679.46,
                                "currencyCode": "GBP"
                            },
                            "availabilityStatus": "AVAILABLE"
                        },
                        {
                            "date": "2020-10-28",
                            "pricingUnit": "PER_PERSON",
                            "rateInfo": {
                                "price": 679.46,
                                "currencyCode": "GBP"
                            },
                            "availabilityStatus": "AVAILABLE"
                        },
                        {
                            "date": "2020-10-29",
                            "pricingUnit": "PER_PERSON",
                            "rateInfo": {
                                "price": 679.46,
                                "currencyCode": "GBP"
                            },
                            "availabilityStatus": "AVAILABLE"
                        },
                        {
                            "date": "2020-10-30",
                            "pricingUnit": "PER_PERSON",
                            "rateInfo": {
                                "price": 679.46,
                                "currencyCode": "GBP"
                            },
                            "availabilityStatus": "AVAILABLE"
                        },
                        {
                            "date": "2020-10-31",
                            "pricingUnit": "PER_PERSON",
                            "rateInfo": {
                                "price": 679.46,
                                "currencyCode": "GBP"
                            },
                            "availabilityStatus": "AVAILABLE"
                        },
                        {
                            "date": "2020-11-01",
                            "pricingUnit": "PER_PERSON",
                            "rateInfo": {
                                "price": 679.46,
                                "currencyCode": "GBP"
                            },
                            "availabilityStatus": "AVAILABLE"
                        },
                        {
                            "date": "2020-11-02",
                            "pricingUnit": "PER_PERSON",
                            "rateInfo": {
                                "price": 679.46,
                                "currencyCode": "GBP"
                            },
                            "availabilityStatus": "AVAILABLE"
                        },
                        {
                            "date": "2020-11-03",
                            "pricingUnit": "PER_PERSON",
                            "rateInfo": {
                                "price": 679.46,
                                "currencyCode": "GBP"
                            },
                            "availabilityStatus": "AVAILABLE"
                        },
                        {
                            "date": "2020-11-04",
                            "pricingUnit": "PER_PERSON",
                            "rateInfo": {
                                "price": 679.46,
                                "currencyCode": "GBP"
                            },
                            "availabilityStatus": "AVAILABLE"
                        },
                        {
                            "date": "2020-11-05",
                            "pricingUnit": "PER_PERSON",
                            "rateInfo": {
                                "price": 679.46,
                                "currencyCode": "GBP"
                            },
                            "availabilityStatus": "AVAILABLE"
                        },
                        {
                            "date": "2020-11-06",
                            "pricingUnit": "PER_PERSON",
                            "rateInfo": {
                                "price": 679.46,
                                "currencyCode": "GBP"
                            },
                            "availabilityStatus": "AVAILABLE"
                        },
                        {
                            "date": "2020-11-07",
                            "pricingUnit": "PER_PERSON",
                            "rateInfo": {
                                "price": 679.46,
                                "currencyCode": "GBP"
                            },
                            "availabilityStatus": "AVAILABLE"
                        },
                        {
                            "date": "2020-11-08",
                            "pricingUnit": "PER_PERSON",
                            "rateInfo": {
                                "price": 679.46,
                                "currencyCode": "GBP"
                            },
                            "availabilityStatus": "AVAILABLE"
                        },
                        {
                            "date": "2020-11-09",
                            "pricingUnit": "PER_PERSON",
                            "rateInfo": {
                                "price": 679.46,
                                "currencyCode": "GBP"
                            },
                            "availabilityStatus": "AVAILABLE"
                        },
                        {
                            "date": "2020-11-10",
                            "pricingUnit": "PER_PERSON",
                            "rateInfo": {
                                "price": 679.46,
                                "currencyCode": "GBP"
                            },
                            "availabilityStatus": "AVAILABLE"
                        },
                        {
                            "date": "2020-11-11",
                            "pricingUnit": "PER_PERSON",
                            "rateInfo": {
                                "price": 679.46,
                                "currencyCode": "GBP"
                            },
                            "availabilityStatus": "AVAILABLE"
                        },
                        {
                            "date": "2020-11-12",
                            "pricingUnit": "PER_PERSON",
                            "rateInfo": {
                                "price": 679.46,
                                "currencyCode": "GBP"
                            },
                            "availabilityStatus": "AVAILABLE"
                        },
                        {
                            "date": "2020-11-13",
                            "pricingUnit": "PER_PERSON",
                            "rateInfo": {
                                "price": 679.46,
                                "currencyCode": "GBP"
                            },
                            "availabilityStatus": "AVAILABLE"
                        },
                        {
                            "date": "2020-11-14",
                            "pricingUnit": "PER_PERSON",
                            "rateInfo": {
                                "price": 679.46,
                                "currencyCode": "GBP"
                            },
                            "availabilityStatus": "AVAILABLE"
                        },
                        {
                            "date": "2020-11-15",
                            "pricingUnit": "PER_PERSON",
                            "rateInfo": {
                                "price": 679.46,
                                "currencyCode": "GBP"
                            },
                            "availabilityStatus": "AVAILABLE"
                        },
                        {
                            "date": "2020-11-16",
                            "pricingUnit": "PER_PERSON",
                            "rateInfo": {
                                "price": 679.46,
                                "currencyCode": "GBP"
                            },
                            "availabilityStatus": "AVAILABLE"
                        },
                        {
                            "date": "2020-11-17",
                            "pricingUnit": "PER_PERSON",
                            "rateInfo": {
                                "price": 679.46,
                                "currencyCode": "GBP"
                            },
                            "availabilityStatus": "AVAILABLE"
                        },
                        {
                            "date": "2020-11-18",
                            "pricingUnit": "PER_PERSON",
                            "rateInfo": {
                                "price": 679.46,
                                "currencyCode": "GBP"
                            },
                            "availabilityStatus": "AVAILABLE"
                        },
                        {
                            "date": "2020-11-19",
                            "pricingUnit": "PER_PERSON",
                            "rateInfo": {
                                "price": 679.46,
                                "currencyCode": "GBP"
                            },
                            "availabilityStatus": "AVAILABLE"
                        },
                        {
                            "date": "2020-11-20",
                            "pricingUnit": "PER_PERSON",
                            "rateInfo": {
                                "price": 679.46,
                                "currencyCode": "GBP"
                            },
                            "availabilityStatus": "AVAILABLE"
                        },
                        {
                            "date": "2020-11-21",
                            "pricingUnit": "PER_PERSON",
                            "rateInfo": {
                                "price": 679.46,
                                "currencyCode": "GBP"
                            },
                            "availabilityStatus": "AVAILABLE"
                        },
                        {
                            "date": "2020-11-22",
                            "pricingUnit": "PER_PERSON",
                            "rateInfo": {
                                "price": 679.46,
                                "currencyCode": "GBP"
                            },
                            "availabilityStatus": "AVAILABLE"
                        },
                        {
                            "date": "2020-11-23",
                            "pricingUnit": "PER_PERSON",
                            "rateInfo": {
                                "price": 679.46,
                                "currencyCode": "GBP"
                            },
                            "availabilityStatus": "AVAILABLE"
                        },
                        {
                            "date": "2020-11-24",
                            "pricingUnit": "PER_PERSON",
                            "rateInfo": {
                                "price": 679.46,
                                "currencyCode": "GBP"
                            },
                            "availabilityStatus": "AVAILABLE"
                        },
                        {
                            "date": "2020-11-25",
                            "pricingUnit": "PER_PERSON",
                            "rateInfo": {
                                "price": 679.46,
                                "currencyCode": "GBP"
                            },
                            "availabilityStatus": "AVAILABLE"
                        },
                        {
                            "date": "2020-11-26",
                            "pricingUnit": "PER_PERSON",
                            "rateInfo": {
                                "price": 679.46,
                                "currencyCode": "GBP"
                            },
                            "availabilityStatus": "AVAILABLE"
                        },
                        {
                            "date": "2020-11-27",
                            "pricingUnit": "PER_PERSON",
                            "rateInfo": {
                                "price": 679.46,
                                "currencyCode": "GBP"
                            },
                            "availabilityStatus": "AVAILABLE"
                        },
                        {
                            "date": "2020-11-28",
                            "pricingUnit": "PER_PERSON",
                            "rateInfo": {
                                "price": 679.46,
                                "currencyCode": "GBP"
                            },
                            "availabilityStatus": "AVAILABLE"
                        },
                        {
                            "date": "2020-11-29",
                            "pricingUnit": "PER_PERSON",
                            "rateInfo": {
                                "price": 679.46,
                                "currencyCode": "GBP"
                            },
                            "availabilityStatus": "AVAILABLE"
                        },
                        {
                            "date": "2020-11-30",
                            "pricingUnit": "PER_PERSON",
                            "rateInfo": {
                                "price": 679.46,
                                "currencyCode": "GBP"
                            },
                            "availabilityStatus": "AVAILABLE"
                        },
                        {
                            "date": "2020-12-01",
                            "pricingUnit": "PER_PERSON",
                            "rateInfo": {
                                "price": 679.46,
                                "currencyCode": "GBP"
                            },
                            "availabilityStatus": "AVAILABLE"
                        },
                        {
                            "date": "2020-12-02",
                            "pricingUnit": "PER_PERSON",
                            "rateInfo": {
                                "price": 679.46,
                                "currencyCode": "GBP"
                            },
                            "availabilityStatus": "AVAILABLE"
                        },
                        {
                            "date": "2020-12-03",
                            "pricingUnit": "PER_PERSON",
                            "rateInfo": {
                                "price": 679.46,
                                "currencyCode": "GBP"
                            },
                            "availabilityStatus": "AVAILABLE"
                        },
                        {
                            "date": "2020-12-04",
                            "pricingUnit": "PER_PERSON",
                            "rateInfo": {
                                "price": 679.46,
                                "currencyCode": "GBP"
                            },
                            "availabilityStatus": "AVAILABLE"
                        },
                        {
                            "date": "2020-12-05",
                            "pricingUnit": "PER_PERSON",
                            "rateInfo": {
                                "price": 679.46,
                                "currencyCode": "GBP"
                            },
                            "availabilityStatus": "AVAILABLE"
                        },
                        {
                            "date": "2020-12-06",
                            "pricingUnit": "PER_PERSON",
                            "rateInfo": {
                                "price": 679.46,
                                "currencyCode": "GBP"
                            },
                            "availabilityStatus": "AVAILABLE"
                        },
                        {
                            "date": "2020-12-07",
                            "pricingUnit": "PER_PERSON",
                            "rateInfo": {
                                "price": 679.46,
                                "currencyCode": "GBP"
                            },
                            "availabilityStatus": "AVAILABLE"
                        },
                        {
                            "date": "2020-12-08",
                            "pricingUnit": "PER_PERSON",
                            "rateInfo": {
                                "price": 679.46,
                                "currencyCode": "GBP"
                            },
                            "availabilityStatus": "AVAILABLE"
                        },
                        {
                            "date": "2020-12-09",
                            "pricingUnit": "PER_PERSON",
                            "rateInfo": {
                                "price": 679.46,
                                "currencyCode": "GBP"
                            },
                            "availabilityStatus": "AVAILABLE"
                        },
                        {
                            "date": "2020-12-10",
                            "pricingUnit": "PER_PERSON",
                            "rateInfo": {
                                "price": 679.46,
                                "currencyCode": "GBP"
                            },
                            "availabilityStatus": "AVAILABLE"
                        },
                        {
                            "date": "2020-12-11",
                            "pricingUnit": "PER_PERSON",
                            "rateInfo": {
                                "price": 679.46,
                                "currencyCode": "GBP"
                            },
                            "availabilityStatus": "AVAILABLE"
                        },
                        {
                            "date": "2020-12-12",
                            "pricingUnit": "PER_PERSON",
                            "rateInfo": {
                                "price": 679.46,
                                "currencyCode": "GBP"
                            },
                            "availabilityStatus": "AVAILABLE"
                        },
                        {
                            "date": "2020-12-13",
                            "pricingUnit": "PER_PERSON",
                            "rateInfo": {
                                "price": 679.46,
                                "currencyCode": "GBP"
                            },
                            "availabilityStatus": "AVAILABLE"
                        },
                        {
                            "date": "2020-12-14",
                            "pricingUnit": "PER_PERSON",
                            "rateInfo": {
                                "price": 679.46,
                                "currencyCode": "GBP"
                            },
                            "availabilityStatus": "AVAILABLE"
                        },
                        {
                            "date": "2020-12-15",
                            "pricingUnit": "PER_PERSON",
                            "rateInfo": {
                                "price": 679.46,
                                "currencyCode": "GBP"
                            },
                            "availabilityStatus": "AVAILABLE"
                        },
                        {
                            "date": "2020-12-16",
                            "pricingUnit": "PER_PERSON",
                            "rateInfo": {
                                "price": 679.46,
                                "currencyCode": "GBP"
                            },
                            "availabilityStatus": "AVAILABLE"
                        },
                        {
                            "date": "2020-12-17",
                            "pricingUnit": "PER_PERSON",
                            "rateInfo": {
                                "price": 679.46,
                                "currencyCode": "GBP"
                            },
                            "availabilityStatus": "AVAILABLE"
                        },
                        {
                            "date": "2020-12-18",
                            "pricingUnit": "PER_PERSON",
                            "rateInfo": {
                                "price": 679.46,
                                "currencyCode": "GBP"
                            },
                            "availabilityStatus": "AVAILABLE"
                        },
                        {
                            "date": "2020-12-19",
                            "pricingUnit": "PER_PERSON",
                            "rateInfo": {
                                "price": 679.46,
                                "currencyCode": "GBP"
                            },
                            "availabilityStatus": "AVAILABLE"
                        },
                        {
                            "date": "2020-12-20",
                            "pricingUnit": "PER_PERSON",
                            "rateInfo": {
                                "price": 679.46,
                                "currencyCode": "GBP"
                            },
                            "availabilityStatus": "AVAILABLE"
                        },
                        {
                            "date": "2020-12-21",
                            "pricingUnit": "PER_PERSON",
                            "rateInfo": {
                                "price": 679.46,
                                "currencyCode": "GBP"
                            },
                            "availabilityStatus": "AVAILABLE"
                        },
                        {
                            "date": "2020-12-22",
                            "pricingUnit": "PER_PERSON",
                            "rateInfo": {
                                "price": 679.46,
                                "currencyCode": "GBP"
                            },
                            "availabilityStatus": "AVAILABLE"
                        },
                        {
                            "date": "2020-12-23",
                            "pricingUnit": "PER_PERSON",
                            "rateInfo": {
                                "price": 679.46,
                                "currencyCode": "GBP"
                            },
                            "availabilityStatus": "AVAILABLE"
                        },
                        {
                            "date": "2020-12-24",
                            "pricingUnit": "PER_PERSON",
                            "rateInfo": {
                                "price": 679.46,
                                "currencyCode": "GBP"
                            },
                            "availabilityStatus": "AVAILABLE"
                        },
                        {
                            "date": "2020-12-27",
                            "pricingUnit": "PER_PERSON",
                            "rateInfo": {
                                "price": 679.46,
                                "currencyCode": "GBP"
                            },
                            "availabilityStatus": "AVAILABLE"
                        },
                        {
                            "date": "2020-12-28",
                            "pricingUnit": "PER_PERSON",
                            "rateInfo": {
                                "price": 679.46,
                                "currencyCode": "GBP"
                            },
                            "availabilityStatus": "AVAILABLE"
                        },
                        {
                            "date": "2020-12-29",
                            "pricingUnit": "PER_PERSON",
                            "rateInfo": {
                                "price": 679.46,
                                "currencyCode": "GBP"
                            },
                            "availabilityStatus": "AVAILABLE"
                        },
                        {
                            "date": "2020-12-30",
                            "pricingUnit": "PER_PERSON",
                            "rateInfo": {
                                "price": 679.46,
                                "currencyCode": "GBP"
                            },
                            "availabilityStatus": "AVAILABLE"
                        },
                        {
                            "date": "2020-12-31",
                            "pricingUnit": "PER_PERSON",
                            "rateInfo": {
                                "price": 679.46,
                                "currencyCode": "GBP"
                            },
                            "availabilityStatus": "AVAILABLE"
                        },
                        {
                            "date": "2021-01-01",
                            "pricingUnit": "PER_PERSON",
                            "rateInfo": {
                                "price": 679.46,
                                "currencyCode": "GBP"
                            },
                            "availabilityStatus": "AVAILABLE"
                        },
                        {
                            "date": "2021-01-02",
                            "pricingUnit": "PER_PERSON",
                            "rateInfo": {
                                "price": 679.46,
                                "currencyCode": "GBP"
                            },
                            "availabilityStatus": "AVAILABLE"
                        },
                        {
                            "date": "2021-01-03",
                            "pricingUnit": "PER_PERSON",
                            "rateInfo": {
                                "price": 679.46,
                                "currencyCode": "GBP"
                            },
                            "availabilityStatus": "AVAILABLE"
                        },
                        {
                            "date": "2021-01-04",
                            "pricingUnit": "PER_PERSON",
                            "rateInfo": {
                                "price": 679.46,
                                "currencyCode": "GBP"
                            },
                            "availabilityStatus": "AVAILABLE"
                        },
                        {
                            "date": "2021-01-05",
                            "pricingUnit": "PER_PERSON",
                            "rateInfo": {
                                "price": 679.46,
                                "currencyCode": "GBP"
                            },
                            "availabilityStatus": "AVAILABLE"
                        },
                        {
                            "date": "2021-01-06",
                            "pricingUnit": "PER_PERSON",
                            "rateInfo": {
                                "price": 679.46,
                                "currencyCode": "GBP"
                            },
                            "availabilityStatus": "AVAILABLE"
                        },
                        {
                            "date": "2021-01-07",
                            "pricingUnit": "PER_PERSON",
                            "rateInfo": {
                                "price": 679.46,
                                "currencyCode": "GBP"
                            },
                            "availabilityStatus": "AVAILABLE"
                        },
                        {
                            "date": "2021-01-08",
                            "pricingUnit": "PER_PERSON",
                            "rateInfo": {
                                "price": 679.46,
                                "currencyCode": "GBP"
                            },
                            "availabilityStatus": "AVAILABLE"
                        },
                        {
                            "date": "2021-01-09",
                            "pricingUnit": "PER_PERSON",
                            "rateInfo": {
                                "price": 679.46,
                                "currencyCode": "GBP"
                            },
                            "availabilityStatus": "AVAILABLE"
                        },
                        {
                            "date": "2021-01-10",
                            "pricingUnit": "PER_PERSON",
                            "rateInfo": {
                                "price": 679.46,
                                "currencyCode": "GBP"
                            },
                            "availabilityStatus": "AVAILABLE"
                        },
                        {
                            "date": "2021-01-11",
                            "pricingUnit": "PER_PERSON",
                            "rateInfo": {
                                "price": 679.46,
                                "currencyCode": "GBP"
                            },
                            "availabilityStatus": "AVAILABLE"
                        },
                        {
                            "date": "2021-01-12",
                            "pricingUnit": "PER_PERSON",
                            "rateInfo": {
                                "price": 679.46,
                                "currencyCode": "GBP"
                            },
                            "availabilityStatus": "AVAILABLE"
                        },
                        {
                            "date": "2021-01-13",
                            "pricingUnit": "PER_PERSON",
                            "rateInfo": {
                                "price": 679.46,
                                "currencyCode": "GBP"
                            },
                            "availabilityStatus": "AVAILABLE"
                        },
                        {
                            "date": "2021-01-14",
                            "pricingUnit": "PER_PERSON",
                            "rateInfo": {
                                "price": 679.46,
                                "currencyCode": "GBP"
                            },
                            "availabilityStatus": "AVAILABLE"
                        },
                        {
                            "date": "2021-01-15",
                            "pricingUnit": "PER_PERSON",
                            "rateInfo": {
                                "price": 679.46,
                                "currencyCode": "GBP"
                            },
                            "availabilityStatus": "AVAILABLE"
                        },
                        {
                            "date": "2021-01-16",
                            "pricingUnit": "PER_PERSON",
                            "rateInfo": {
                                "price": 679.46,
                                "currencyCode": "GBP"
                            },
                            "availabilityStatus": "AVAILABLE"
                        },
                        {
                            "date": "2021-01-17",
                            "pricingUnit": "PER_PERSON",
                            "rateInfo": {
                                "price": 679.46,
                                "currencyCode": "GBP"
                            },
                            "availabilityStatus": "AVAILABLE"
                        },
                        {
                            "date": "2021-01-18",
                            "pricingUnit": "PER_PERSON",
                            "rateInfo": {
                                "price": 679.46,
                                "currencyCode": "GBP"
                            },
                            "availabilityStatus": "AVAILABLE"
                        },
                        {
                            "date": "2021-01-19",
                            "pricingUnit": "PER_PERSON",
                            "rateInfo": {
                                "price": 679.46,
                                "currencyCode": "GBP"
                            },
                            "availabilityStatus": "AVAILABLE"
                        },
                        {
                            "date": "2021-01-20",
                            "pricingUnit": "PER_PERSON",
                            "rateInfo": {
                                "price": 679.46,
                                "currencyCode": "GBP"
                            },
                            "availabilityStatus": "AVAILABLE"
                        },
                        {
                            "date": "2021-01-21",
                            "pricingUnit": "PER_PERSON",
                            "rateInfo": {
                                "price": 679.46,
                                "currencyCode": "GBP"
                            },
                            "availabilityStatus": "AVAILABLE"
                        },
                        {
                            "date": "2021-01-22",
                            "pricingUnit": "PER_PERSON",
                            "rateInfo": {
                                "price": 679.46,
                                "currencyCode": "GBP"
                            },
                            "availabilityStatus": "AVAILABLE"
                        },
                        {
                            "date": "2021-01-23",
                            "pricingUnit": "PER_PERSON",
                            "rateInfo": {
                                "price": 679.46,
                                "currencyCode": "GBP"
                            },
                            "availabilityStatus": "AVAILABLE"
                        },
                        {
                            "date": "2021-01-24",
                            "pricingUnit": "PER_PERSON",
                            "rateInfo": {
                                "price": 679.46,
                                "currencyCode": "GBP"
                            },
                            "availabilityStatus": "AVAILABLE"
                        },
                        {
                            "date": "2021-01-25",
                            "pricingUnit": "PER_PERSON",
                            "rateInfo": {
                                "price": 679.46,
                                "currencyCode": "GBP"
                            },
                            "availabilityStatus": "AVAILABLE"
                        },
                        {
                            "date": "2021-01-26",
                            "pricingUnit": "PER_PERSON",
                            "rateInfo": {
                                "price": 679.46,
                                "currencyCode": "GBP"
                            },
                            "availabilityStatus": "AVAILABLE"
                        },
                        {
                            "date": "2021-01-27",
                            "pricingUnit": "PER_PERSON",
                            "rateInfo": {
                                "price": 679.46,
                                "currencyCode": "GBP"
                            },
                            "availabilityStatus": "AVAILABLE"
                        },
                        {
                            "date": "2021-01-28",
                            "pricingUnit": "PER_PERSON",
                            "rateInfo": {
                                "price": 679.46,
                                "currencyCode": "GBP"
                            },
                            "availabilityStatus": "AVAILABLE"
                        },
                        {
                            "date": "2021-01-29",
                            "pricingUnit": "PER_PERSON",
                            "rateInfo": {
                                "price": 679.46,
                                "currencyCode": "GBP"
                            },
                            "availabilityStatus": "AVAILABLE"
                        },
                        {
                            "date": "2021-01-30",
                            "pricingUnit": "PER_PERSON",
                            "rateInfo": {
                                "price": 679.46,
                                "currencyCode": "GBP"
                            },
                            "availabilityStatus": "AVAILABLE"
                        },
                        {
                            "date": "2021-01-31",
                            "pricingUnit": "PER_PERSON",
                            "rateInfo": {
                                "price": 679.46,
                                "currencyCode": "GBP"
                            },
                            "availabilityStatus": "AVAILABLE"
                        },
                        {
                            "date": "2021-02-01",
                            "pricingUnit": "PER_PERSON",
                            "rateInfo": {
                                "price": 679.46,
                                "currencyCode": "GBP"
                            },
                            "availabilityStatus": "AVAILABLE"
                        },
                        {
                            "date": "2021-02-02",
                            "pricingUnit": "PER_PERSON",
                            "rateInfo": {
                                "price": 679.46,
                                "currencyCode": "GBP"
                            },
                            "availabilityStatus": "AVAILABLE"
                        },
                        {
                            "date": "2021-02-03",
                            "pricingUnit": "PER_PERSON",
                            "rateInfo": {
                                "price": 679.46,
                                "currencyCode": "GBP"
                            },
                            "availabilityStatus": "AVAILABLE"
                        },
                        {
                            "date": "2021-02-04",
                            "pricingUnit": "PER_PERSON",
                            "rateInfo": {
                                "price": 679.46,
                                "currencyCode": "GBP"
                            },
                            "availabilityStatus": "AVAILABLE"
                        },
                        {
                            "date": "2021-02-05",
                            "pricingUnit": "PER_PERSON",
                            "rateInfo": {
                                "price": 679.46,
                                "currencyCode": "GBP"
                            },
                            "availabilityStatus": "AVAILABLE"
                        },
                        {
                            "date": "2021-02-06",
                            "pricingUnit": "PER_PERSON",
                            "rateInfo": {
                                "price": 679.46,
                                "currencyCode": "GBP"
                            },
                            "availabilityStatus": "AVAILABLE"
                        },
                        {
                            "date": "2021-02-07",
                            "pricingUnit": "PER_PERSON",
                            "rateInfo": {
                                "price": 679.46,
                                "currencyCode": "GBP"
                            },
                            "availabilityStatus": "AVAILABLE"
                        },
                        {
                            "date": "2021-02-08",
                            "pricingUnit": "PER_PERSON",
                            "rateInfo": {
                                "price": 679.46,
                                "currencyCode": "GBP"
                            },
                            "availabilityStatus": "AVAILABLE"
                        },
                        {
                            "date": "2021-02-09",
                            "pricingUnit": "PER_PERSON",
                            "rateInfo": {
                                "price": 679.46,
                                "currencyCode": "GBP"
                            },
                            "availabilityStatus": "AVAILABLE"
                        },
                        {
                            "date": "2021-02-10",
                            "pricingUnit": "PER_PERSON",
                            "rateInfo": {
                                "price": 679.46,
                                "currencyCode": "GBP"
                            },
                            "availabilityStatus": "AVAILABLE"
                        },
                        {
                            "date": "2021-02-11",
                            "pricingUnit": "PER_PERSON",
                            "rateInfo": {
                                "price": 679.46,
                                "currencyCode": "GBP"
                            },
                            "availabilityStatus": "AVAILABLE"
                        },
                        {
                            "date": "2021-02-12",
                            "pricingUnit": "PER_PERSON",
                            "rateInfo": {
                                "price": 679.46,
                                "currencyCode": "GBP"
                            },
                            "availabilityStatus": "AVAILABLE"
                        },
                        {
                            "date": "2021-02-13",
                            "pricingUnit": "PER_PERSON",
                            "rateInfo": {
                                "price": 679.46,
                                "currencyCode": "GBP"
                            },
                            "availabilityStatus": "AVAILABLE"
                        },
                        {
                            "date": "2021-02-14",
                            "pricingUnit": "PER_PERSON",
                            "rateInfo": {
                                "price": 679.46,
                                "currencyCode": "GBP"
                            },
                            "availabilityStatus": "AVAILABLE"
                        },
                        {
                            "date": "2021-02-15",
                            "pricingUnit": "PER_PERSON",
                            "rateInfo": {
                                "price": 679.46,
                                "currencyCode": "GBP"
                            },
                            "availabilityStatus": "AVAILABLE"
                        },
                        {
                            "date": "2021-02-16",
                            "pricingUnit": "PER_PERSON",
                            "rateInfo": {
                                "price": 679.46,
                                "currencyCode": "GBP"
                            },
                            "availabilityStatus": "AVAILABLE"
                        },
                        {
                            "date": "2021-02-17",
                            "pricingUnit": "PER_PERSON",
                            "rateInfo": {
                                "price": 679.46,
                                "currencyCode": "GBP"
                            },
                            "availabilityStatus": "AVAILABLE"
                        },
                        {
                            "date": "2021-02-18",
                            "pricingUnit": "PER_PERSON",
                            "rateInfo": {
                                "price": 679.46,
                                "currencyCode": "GBP"
                            },
                            "availabilityStatus": "AVAILABLE"
                        },
                        {
                            "date": "2021-02-19",
                            "pricingUnit": "PER_PERSON",
                            "rateInfo": {
                                "price": 679.46,
                                "currencyCode": "GBP"
                            },
                            "availabilityStatus": "AVAILABLE"
                        },
                        {
                            "date": "2021-02-20",
                            "pricingUnit": "PER_PERSON",
                            "rateInfo": {
                                "price": 679.46,
                                "currencyCode": "GBP"
                            },
                            "availabilityStatus": "AVAILABLE"
                        },
                        {
                            "date": "2021-02-21",
                            "pricingUnit": "PER_PERSON",
                            "rateInfo": {
                                "price": 679.46,
                                "currencyCode": "GBP"
                            },
                            "availabilityStatus": "AVAILABLE"
                        },
                        {
                            "date": "2021-02-22",
                            "pricingUnit": "PER_PERSON",
                            "rateInfo": {
                                "price": 679.46,
                                "currencyCode": "GBP"
                            },
                            "availabilityStatus": "AVAILABLE"
                        },
                        {
                            "date": "2021-02-23",
                            "pricingUnit": "PER_PERSON",
                            "rateInfo": {
                                "price": 679.46,
                                "currencyCode": "GBP"
                            },
                            "availabilityStatus": "AVAILABLE"
                        },
                        {
                            "date": "2021-02-24",
                            "pricingUnit": "PER_PERSON",
                            "rateInfo": {
                                "price": 679.46,
                                "currencyCode": "GBP"
                            },
                            "availabilityStatus": "AVAILABLE"
                        },
                        {
                            "date": "2021-02-25",
                            "pricingUnit": "PER_PERSON",
                            "rateInfo": {
                                "price": 679.46,
                                "currencyCode": "GBP"
                            },
                            "availabilityStatus": "AVAILABLE"
                        },
                        {
                            "date": "2021-02-26",
                            "pricingUnit": "PER_PERSON",
                            "rateInfo": {
                                "price": 679.46,
                                "currencyCode": "GBP"
                            },
                            "availabilityStatus": "AVAILABLE"
                        },
                        {
                            "date": "2021-02-27",
                            "pricingUnit": "PER_PERSON",
                            "rateInfo": {
                                "price": 679.46,
                                "currencyCode": "GBP"
                            },
                            "availabilityStatus": "AVAILABLE"
                        },
                        {
                            "date": "2021-02-28",
                            "pricingUnit": "PER_PERSON",
                            "rateInfo": {
                                "price": 679.46,
                                "currencyCode": "GBP"
                            },
                            "availabilityStatus": "AVAILABLE"
                        },
                        {
                            "date": "2021-03-01",
                            "pricingUnit": "PER_PERSON",
                            "rateInfo": {
                                "price": 679.46,
                                "currencyCode": "GBP"
                            },
                            "availabilityStatus": "AVAILABLE"
                        },
                        {
                            "date": "2021-03-02",
                            "pricingUnit": "PER_PERSON",
                            "rateInfo": {
                                "price": 679.46,
                                "currencyCode": "GBP"
                            },
                            "availabilityStatus": "AVAILABLE"
                        },
                        {
                            "date": "2021-03-03",
                            "pricingUnit": "PER_PERSON",
                            "rateInfo": {
                                "price": 679.46,
                                "currencyCode": "GBP"
                            },
                            "availabilityStatus": "AVAILABLE"
                        },
                        {
                            "date": "2021-03-04",
                            "pricingUnit": "PER_PERSON",
                            "rateInfo": {
                                "price": 679.46,
                                "currencyCode": "GBP"
                            },
                            "availabilityStatus": "AVAILABLE"
                        },
                        {
                            "date": "2021-03-05",
                            "pricingUnit": "PER_PERSON",
                            "rateInfo": {
                                "price": 679.46,
                                "currencyCode": "GBP"
                            },
                            "availabilityStatus": "AVAILABLE"
                        },
                        {
                            "date": "2021-03-06",
                            "pricingUnit": "PER_PERSON",
                            "rateInfo": {
                                "price": 679.46,
                                "currencyCode": "GBP"
                            },
                            "availabilityStatus": "AVAILABLE"
                        },
                        {
                            "date": "2021-03-07",
                            "pricingUnit": "PER_PERSON",
                            "rateInfo": {
                                "price": 679.46,
                                "currencyCode": "GBP"
                            },
                            "availabilityStatus": "AVAILABLE"
                        },
                        {
                            "date": "2021-03-08",
                            "pricingUnit": "PER_PERSON",
                            "rateInfo": {
                                "price": 679.46,
                                "currencyCode": "GBP"
                            },
                            "availabilityStatus": "AVAILABLE"
                        },
                        {
                            "date": "2021-03-09",
                            "pricingUnit": "PER_PERSON",
                            "rateInfo": {
                                "price": 679.46,
                                "currencyCode": "GBP"
                            },
                            "availabilityStatus": "AVAILABLE"
                        },
                        {
                            "date": "2021-03-10",
                            "pricingUnit": "PER_PERSON",
                            "rateInfo": {
                                "price": 679.46,
                                "currencyCode": "GBP"
                            },
                            "availabilityStatus": "AVAILABLE"
                        },
                        {
                            "date": "2021-03-11",
                            "pricingUnit": "PER_PERSON",
                            "rateInfo": {
                                "price": 679.46,
                                "currencyCode": "GBP"
                            },
                            "availabilityStatus": "AVAILABLE"
                        },
                        {
                            "date": "2021-03-12",
                            "pricingUnit": "PER_PERSON",
                            "rateInfo": {
                                "price": 679.46,
                                "currencyCode": "GBP"
                            },
                            "availabilityStatus": "AVAILABLE"
                        },
                        {
                            "date": "2021-03-13",
                            "pricingUnit": "PER_PERSON",
                            "rateInfo": {
                                "price": 679.46,
                                "currencyCode": "GBP"
                            },
                            "availabilityStatus": "AVAILABLE"
                        },
                        {
                            "date": "2021-03-14",
                            "pricingUnit": "PER_PERSON",
                            "rateInfo": {
                                "price": 679.46,
                                "currencyCode": "GBP"
                            },
                            "availabilityStatus": "AVAILABLE"
                        },
                        {
                            "date": "2021-03-15",
                            "pricingUnit": "PER_PERSON",
                            "rateInfo": {
                                "price": 679.46,
                                "currencyCode": "GBP"
                            },
                            "availabilityStatus": "AVAILABLE"
                        },
                        {
                            "date": "2021-03-16",
                            "pricingUnit": "PER_PERSON",
                            "rateInfo": {
                                "price": 679.46,
                                "currencyCode": "GBP"
                            },
                            "availabilityStatus": "AVAILABLE"
                        },
                        {
                            "date": "2021-03-17",
                            "pricingUnit": "PER_PERSON",
                            "rateInfo": {
                                "price": 679.46,
                                "currencyCode": "GBP"
                            },
                            "availabilityStatus": "AVAILABLE"
                        },
                        {
                            "date": "2021-03-18",
                            "pricingUnit": "PER_PERSON",
                            "rateInfo": {
                                "price": 679.46,
                                "currencyCode": "GBP"
                            },
                            "availabilityStatus": "AVAILABLE"
                        },
                        {
                            "date": "2021-03-19",
                            "pricingUnit": "PER_PERSON",
                            "rateInfo": {
                                "price": 679.46,
                                "currencyCode": "GBP"
                            },
                            "availabilityStatus": "AVAILABLE"
                        },
                        {
                            "date": "2021-03-20",
                            "pricingUnit": "PER_PERSON",
                            "rateInfo": {
                                "price": 679.46,
                                "currencyCode": "GBP"
                            },
                            "availabilityStatus": "AVAILABLE"
                        },
                        {
                            "date": "2021-03-21",
                            "pricingUnit": "PER_PERSON",
                            "rateInfo": {
                                "price": 679.46,
                                "currencyCode": "GBP"
                            },
                            "availabilityStatus": "AVAILABLE"
                        },
                        {
                            "date": "2021-03-22",
                            "pricingUnit": "PER_PERSON",
                            "rateInfo": {
                                "price": 679.46,
                                "currencyCode": "GBP"
                            },
                            "availabilityStatus": "AVAILABLE"
                        },
                        {
                            "date": "2021-03-23",
                            "pricingUnit": "PER_PERSON",
                            "rateInfo": {
                                "price": 679.46,
                                "currencyCode": "GBP"
                            },
                            "availabilityStatus": "AVAILABLE"
                        },
                        {
                            "date": "2021-03-24",
                            "pricingUnit": "PER_PERSON",
                            "rateInfo": {
                                "price": 679.46,
                                "currencyCode": "GBP"
                            },
                            "availabilityStatus": "AVAILABLE"
                        },
                        {
                            "date": "2021-03-25",
                            "pricingUnit": "PER_PERSON",
                            "rateInfo": {
                                "price": 679.46,
                                "currencyCode": "GBP"
                            },
                            "availabilityStatus": "AVAILABLE"
                        },
                        {
                            "date": "2021-03-26",
                            "pricingUnit": "PER_PERSON",
                            "rateInfo": {
                                "price": 679.46,
                                "currencyCode": "GBP"
                            },
                            "availabilityStatus": "AVAILABLE"
                        },
                        {
                            "date": "2021-03-27",
                            "pricingUnit": "PER_PERSON",
                            "rateInfo": {
                                "price": 679.46,
                                "currencyCode": "GBP"
                            },
                            "availabilityStatus": "AVAILABLE"
                        },
                        {
                            "date": "2021-03-28",
                            "pricingUnit": "PER_PERSON",
                            "rateInfo": {
                                "price": 679.46,
                                "currencyCode": "GBP"
                            },
                            "availabilityStatus": "AVAILABLE"
                        },
                        {
                            "date": "2021-03-29",
                            "pricingUnit": "PER_PERSON",
                            "rateInfo": {
                                "price": 679.46,
                                "currencyCode": "GBP"
                            },
                            "availabilityStatus": "AVAILABLE"
                        },
                        {
                            "date": "2021-03-30",
                            "pricingUnit": "PER_PERSON",
                            "rateInfo": {
                                "price": 679.46,
                                "currencyCode": "GBP"
                            },
                            "availabilityStatus": "AVAILABLE"
                        },
                        {
                            "date": "2021-03-31",
                            "pricingUnit": "PER_PERSON",
                            "rateInfo": {
                                "price": 679.46,
                                "currencyCode": "GBP"
                            },
                            "availabilityStatus": "AVAILABLE"
                        },
                        {
                            "date": "2021-04-01",
                            "pricingUnit": "PER_PERSON",
                            "rateInfo": {
                                "price": 679.46,
                                "currencyCode": "GBP"
                            },
                            "availabilityStatus": "AVAILABLE"
                        },
                        {
                            "date": "2021-04-02",
                            "pricingUnit": "PER_PERSON",
                            "rateInfo": {
                                "price": 679.46,
                                "currencyCode": "GBP"
                            },
                            "availabilityStatus": "AVAILABLE"
                        },
                        {
                            "date": "2021-04-03",
                            "pricingUnit": "PER_PERSON",
                            "rateInfo": {
                                "price": 679.46,
                                "currencyCode": "GBP"
                            },
                            "availabilityStatus": "AVAILABLE"
                        },
                        {
                            "date": "2021-04-04",
                            "pricingUnit": "PER_PERSON",
                            "rateInfo": {
                                "price": 679.46,
                                "currencyCode": "GBP"
                            },
                            "availabilityStatus": "AVAILABLE"
                        },
                        {
                            "date": "2021-04-05",
                            "pricingUnit": "PER_PERSON",
                            "rateInfo": {
                                "price": 679.46,
                                "currencyCode": "GBP"
                            },
                            "availabilityStatus": "AVAILABLE"
                        },
                        {
                            "date": "2021-04-06",
                            "pricingUnit": "PER_PERSON",
                            "rateInfo": {
                                "price": 679.46,
                                "currencyCode": "GBP"
                            },
                            "availabilityStatus": "AVAILABLE"
                        },
                        {
                            "date": "2021-04-07",
                            "pricingUnit": "PER_PERSON",
                            "rateInfo": {
                                "price": 679.46,
                                "currencyCode": "GBP"
                            },
                            "availabilityStatus": "AVAILABLE"
                        },
                        {
                            "date": "2021-04-08",
                            "pricingUnit": "PER_PERSON",
                            "rateInfo": {
                                "price": 679.46,
                                "currencyCode": "GBP"
                            },
                            "availabilityStatus": "AVAILABLE"
                        },
                        {
                            "date": "2021-04-09",
                            "pricingUnit": "PER_PERSON",
                            "rateInfo": {
                                "price": 679.46,
                                "currencyCode": "GBP"
                            },
                            "availabilityStatus": "AVAILABLE"
                        },
                        {
                            "date": "2021-04-10",
                            "pricingUnit": "PER_PERSON",
                            "rateInfo": {
                                "price": 679.46,
                                "currencyCode": "GBP"
                            },
                            "availabilityStatus": "AVAILABLE"
                        },
                        {
                            "date": "2021-04-11",
                            "pricingUnit": "PER_PERSON",
                            "rateInfo": {
                                "price": 679.46,
                                "currencyCode": "GBP"
                            },
                            "availabilityStatus": "AVAILABLE"
                        },
                        {
                            "date": "2021-04-12",
                            "pricingUnit": "PER_PERSON",
                            "rateInfo": {
                                "price": 679.46,
                                "currencyCode": "GBP"
                            },
                            "availabilityStatus": "AVAILABLE"
                        },
                        {
                            "date": "2021-04-13",
                            "pricingUnit": "PER_PERSON",
                            "rateInfo": {
                                "price": 679.46,
                                "currencyCode": "GBP"
                            },
                            "availabilityStatus": "AVAILABLE"
                        },
                        {
                            "date": "2021-04-14",
                            "pricingUnit": "PER_PERSON",
                            "rateInfo": {
                                "price": 679.46,
                                "currencyCode": "GBP"
                            },
                            "availabilityStatus": "AVAILABLE"
                        },
                        {
                            "date": "2021-04-15",
                            "pricingUnit": "PER_PERSON",
                            "rateInfo": {
                                "price": 679.46,
                                "currencyCode": "GBP"
                            },
                            "availabilityStatus": "AVAILABLE"
                        },
                        {
                            "date": "2021-04-16",
                            "pricingUnit": "PER_PERSON",
                            "rateInfo": {
                                "price": 679.46,
                                "currencyCode": "GBP"
                            },
                            "availabilityStatus": "AVAILABLE"
                        }
                    ]
                }
            ]
        }
    ],
    "version": "v2.0"
}
]]></system-out>
  <system-err><![CDATA[]]></system-err>
</testsuite>
