<?xml version="1.0" encoding="UTF-8"?>
<testsuite name="ViatorCalendar.MultiProductDetails" tests="2" skipped="0" failures="0" errors="0" timestamp="2020-10-25T04:58:28" hostname="DESKTOP-UDDFKV4" time="3.881">
  <properties/>
  <testcase name="supplierCode1" classname="ViatorCalendar.MultiProductDetails" time="1.994"/>
  <testcase name="supplierCode2" classname="ViatorCalendar.MultiProductDetails" time="1.887"/>
  <system-out><![CDATA[]]></system-out>
  <system-err><![CDATA[]]></system-err>
</testsuite>
