<?xml version="1.0" encoding="UTF-8"?>
<testsuite name="ViatorCalendar.MultiProductDetails" tests="2" skipped="0" failures="0" errors="0" timestamp="2020-11-03T11:39:31" hostname="DESKTOP-UDDFKV4" time="4.62">
  <properties/>
  <testcase name="supplierCode1" classname="ViatorCalendar.MultiProductDetails" time="2.316"/>
  <testcase name="supplierCode2" classname="ViatorCalendar.MultiProductDetails" time="2.303"/>
  <system-out><![CDATA[]]></system-out>
  <system-err><![CDATA[]]></system-err>
</testsuite>
